This is pdfTeX, Version 3.141592653-2.6-1.40.24 (TeX Live 2022/Debian) (preloaded format=pdflatex 2024.8.3)  7 AUG 2024 13:45
entering extended mode
 restricted \write18 enabled.
 %&-line parsing enabled.
**myscript1.py
(./myscript1.py
LaTeX2e <2022-11-01> patch level 1
L3 programming layer <2023-01-16>

! LaTeX Error: Missing \begin{document}.

See the LaTeX manual or LaTeX Companion for explanation.
Type  H <return>  for immediate help.
 ...                                              
                                                  
l.1 i
     mport math
? 
Missing character: There is no i in font nullfont!
Missing character: There is no m in font nullfont!
Missing character: There is no p in font nullfont!
Missing character: There is no o in font nullfont!
Missing character: There is no r in font nullfont!
Missing character: There is no t in font nullfont!
Missing character: There is no m in font nullfont!
Missing character: There is no a in font nullfont!
Missing character: There is no t in font nullfont!
Missing character: There is no h in font nullfont!

Overfull \hbox (20.0pt too wide) in paragraph at lines 1--2
[]
 []


! LaTeX Error: Missing \begin{document}.

See the LaTeX manual or LaTeX Companion for explanation.
Type  H <return>  for immediate help.
 ...                                              
                                                  
l.3 d
     ef calculate_median(x1, y1, x2, y2, x3, y3):
? 
Missing character: There is no d in font nullfont!
Missing character: There is no e in font nullfont!
Missing character: There is no f in font nullfont!
Missing character: There is no c in font nullfont!
Missing character: There is no a in font nullfont!
Missing character: There is no l in font nullfont!
Missing character: There is no c in font nullfont!
Missing character: There is no u in font nullfont!
Missing character: There is no l in font nullfont!
Missing character: There is no a in font nullfont!
Missing character: There is no t in font nullfont!
Missing character: There is no e in font nullfont!
! Missing $ inserted.
<inserted text> 
                $
l.3 def calculate_
                  median(x1, y1, x2, y2, x3, y3):
? 
LaTeX Font Info:    External font `cmex10' loaded for size
(Font)              <7> on input line 3.
LaTeX Font Info:    External font `cmex10' loaded for size
(Font)              <5> on input line 3.
! You can't use `macro parameter character #' in math mode.
l.4     #
          Midpoint of BC
? 
! Missing $ inserted.
<inserted text> 
                $
l.7 
    
? 

Overfull \hbox (20.0pt too wide) in paragraph at lines 3--7
[]
 []


Overfull \hbox (130.67667pt too wide) in paragraph at lines 3--7
[]\OML/cmm/m/it/10 edian\OT1/cmr/m/n/10 (\OML/cmm/m/it/10 x\OT1/cmr/m/n/10 1\OM
L/cmm/m/it/10 ; y\OT1/cmr/m/n/10 1\OML/cmm/m/it/10 ; x\OT1/cmr/m/n/10 2\OML/cmm
/m/it/10 ; y\OT1/cmr/m/n/10 2\OML/cmm/m/it/10 ; x\OT1/cmr/m/n/10 3\OML/cmm/m/it
/10 ; y\OT1/cmr/m/n/10 3) :
 []


Overfull \hbox (93.0144pt too wide) in paragraph at lines 3--7
\OML/cmm/m/it/10 MidpointofBCx[] \OT1/cmr/m/n/10 =
 []


Overfull \hbox (22.38199pt too wide) in paragraph at lines 3--7
\OT1/cmr/m/n/10 (\OML/cmm/m/it/10 x\OT1/cmr/m/n/10 2 +
 []


Overfull \hbox (47.65866pt too wide) in paragraph at lines 3--7
\OML/cmm/m/it/10 x\OT1/cmr/m/n/10 3)\OML/cmm/m/it/10 =\OT1/cmr/m/n/10 2\OML/cmm
/m/it/10 y[] \OT1/cmr/m/n/10 =
 []


Overfull \hbox (21.92831pt too wide) in paragraph at lines 3--7
\OT1/cmr/m/n/10 (\OML/cmm/m/it/10 y\OT1/cmr/m/n/10 2 +
 []


Overfull \hbox (24.15054pt too wide) in paragraph at lines 3--7
\OML/cmm/m/it/10 y\OT1/cmr/m/n/10 3)\OML/cmm/m/it/10 =\OT1/cmr/m/n/10 2$ 
 []

! You can't use `macro parameter character #' in vertical mode.
l.8     #
          Length of median AD
? 

! LaTeX Error: Missing \begin{document}.

See the LaTeX manual or LaTeX Companion for explanation.
Type  H <return>  for immediate help.
 ...                                              
                                                  
l.8     # L
           ength of median AD
? 
Missing character: There is no L in font nullfont!
Missing character: There is no e in font nullfont!
Missing character: There is no n in font nullfont!
Missing character: There is no g in font nullfont!
Missing character: There is no t in font nullfont!
Missing character: There is no h in font nullfont!
Missing character: There is no o in font nullfont!
Missing character: There is no f in font nullfont!
Missing character: There is no m in font nullfont!
Missing character: There is no e in font nullfont!
Missing character: There is no d in font nullfont!
Missing character: There is no i in font nullfont!
Missing character: There is no a in font nullfont!
Missing character: There is no n in font nullfont!
Missing character: There is no A in font nullfont!
Missing character: There is no D in font nullfont!
Missing character: There is no l in font nullfont!
Missing character: There is no e in font nullfont!
Missing character: There is no n in font nullfont!
Missing character: There is no g in font nullfont!
Missing character: There is no t in font nullfont!
Missing character: There is no h in font nullfont!
Missing character: There is no = in font nullfont!
Missing character: There is no m in font nullfont!
Missing character: There is no a in font nullfont!
Missing character: There is no t in font nullfont!
Missing character: There is no h in font nullfont!
Missing character: There is no . in font nullfont!
Missing character: There is no s in font nullfont!
Missing character: There is no q in font nullfont!
Missing character: There is no r in font nullfont!
Missing character: There is no t in font nullfont!
Missing character: There is no ( in font nullfont!
Missing character: There is no ( in font nullfont!
Missing character: There is no x in font nullfont!
! Missing $ inserted.
<inserted text> 
                $
l.9     length = math.sqrt((x_
                              m - x1) ** 2 + (y_m - y1) ** 2)
? 
! Missing $ inserted.
<inserted text> 
                $
l.11 
     
? 

Overfull \hbox (20.0pt too wide) in paragraph at lines 8--11
[]
 []


Overfull \hbox (15.37392pt too wide) in paragraph at lines 8--11
[] \OMS/cmsy/m/n/10 ^^@
 []


Overfull \hbox (19.6042pt too wide) in paragraph at lines 8--11
\OML/cmm/m/it/10 x\OT1/cmr/m/n/10 1) \OMS/cmsy/m/n/10 ^^C
 []


Overfull \hbox (17.77783pt too wide) in paragraph at lines 8--11
\OMS/cmsy/m/n/10 ^^C\OT1/cmr/m/n/10 2 +
 []


Overfull \hbox (24.16563pt too wide) in paragraph at lines 8--11
\OT1/cmr/m/n/10 (\OML/cmm/m/it/10 y[] \OMS/cmsy/m/n/10 ^^@
 []


Overfull \hbox (19.15053pt too wide) in paragraph at lines 8--11
\OML/cmm/m/it/10 y\OT1/cmr/m/n/10 1) \OMS/cmsy/m/n/10 ^^C
 []


Overfull \hbox (71.80232pt too wide) in paragraph at lines 8--11
\OMS/cmsy/m/n/10 ^^C\OT1/cmr/m/n/10 2)\OML/cmm/m/it/10 returnlength$ 
 []

! You can't use `macro parameter character #' in vertical mode.
l.12 #
       Example coordinates
? 

! LaTeX Error: Missing \begin{document}.

See the LaTeX manual or LaTeX Companion for explanation.
Type  H <return>  for immediate help.
 ...                                              
                                                  
l.12 # E
        xample coordinates
? 
Missing character: There is no E in font nullfont!
Missing character: There is no x in font nullfont!
Missing character: There is no a in font nullfont!
Missing character: There is no m in font nullfont!
Missing character: There is no p in font nullfont!
Missing character: There is no l in font nullfont!
Missing character: There is no e in font nullfont!
Missing character: There is no c in font nullfont!
Missing character: There is no o in font nullfont!
Missing character: There is no o in font nullfont!
Missing character: There is no r in font nullfont!
Missing character: There is no d in font nullfont!
Missing character: There is no i in font nullfont!
Missing character: There is no n in font nullfont!
Missing character: There is no a in font nullfont!
Missing character: There is no t in font nullfont!
Missing character: There is no e in font nullfont!
Missing character: There is no s in font nullfont!
Missing character: There is no x in font nullfont!
Missing character: There is no 1 in font nullfont!
Missing character: There is no , in font nullfont!
Missing character: There is no y in font nullfont!
Missing character: There is no 1 in font nullfont!
Missing character: There is no = in font nullfont!
Missing character: There is no 5 in font nullfont!
Missing character: There is no , in font nullfont!
Missing character: There is no - in font nullfont!
Missing character: There is no 6 in font nullfont!
Missing character: There is no x in font nullfont!
Missing character: There is no 2 in font nullfont!
Missing character: There is no , in font nullfont!
Missing character: There is no y in font nullfont!
Missing character: There is no 2 in font nullfont!
Missing character: There is no = in font nullfont!
Missing character: There is no 6 in font nullfont!
Missing character: There is no , in font nullfont!
Missing character: There is no 4 in font nullfont!
Missing character: There is no x in font nullfont!
Missing character: There is no 3 in font nullfont!
Missing character: There is no , in font nullfont!
Missing character: There is no y in font nullfont!
Missing character: There is no 3 in font nullfont!
Missing character: There is no = in font nullfont!
Missing character: There is no 0 in font nullfont!
Missing character: There is no , in font nullfont!
Missing character: There is no 0 in font nullfont!

Overfull \hbox (20.0pt too wide) in paragraph at lines 12--16
[]
 []


! LaTeX Error: Missing \begin{document}.

See the LaTeX manual or LaTeX Companion for explanation.
Type  H <return>  for immediate help.
 ...                                              
                                                  
l.17 m
      edian_length = calculate_median(x1, y1, x2, y2, x3, y3)
? 
Missing character: There is no m in font nullfont!
Missing character: There is no e in font nullfont!
Missing character: There is no d in font nullfont!
Missing character: There is no i in font nullfont!
Missing character: There is no a in font nullfont!
Missing character: There is no n in font nullfont!
! Missing $ inserted.
<inserted text> 
                $
l.17 median_
            length = calculate_median(x1, y1, x2, y2, x3, y3)
? 
! Missing $ inserted.
<inserted text> 
                $
l.19 
     
? 

Overfull \hbox (58.78474pt too wide) in paragraph at lines 17--19
[]$[]\OML/cmm/m/it/10 ength \OT1/cmr/m/n/10 =
 []


Overfull \hbox (298.18549pt too wide) in paragraph at lines 17--19
\OML/cmm/m/it/10 calculate[]edian\OT1/cmr/m/n/10 (\OML/cmm/m/it/10 x\OT1/cmr/m/
n/10 1\OML/cmm/m/it/10 ; y\OT1/cmr/m/n/10 1\OML/cmm/m/it/10 ; x\OT1/cmr/m/n/10 
2\OML/cmm/m/it/10 ; y\OT1/cmr/m/n/10 2\OML/cmm/m/it/10 ; x\OT1/cmr/m/n/10 3\OML
/cmm/m/it/10 ; y\OT1/cmr/m/n/10 3)\OML/cmm/m/it/10 print\OT1/cmr/m/n/10 (\OML/c
mm/m/it/10 f\OT1/cmr/m/n/10 "\OML/cmm/m/it/10 Lengthofthemedian \OT1/cmr/m/n/10
 :
 []


Overfull \hbox (70.49278pt too wide) in paragraph at lines 17--19
[]\OT1/cmr/m/n/10 ")$ 
 []

)
*
(Please type a command or say `\end')
*
(Please type a command or say `\end')
*
(Please type a command or say `\end')
*
(Please type a command or say `\end')
*\end

*
Runaway argument?
! Paragraph ended before \end  was complete.
<to be read again> 
                   \par 
<*> 
    
? 
(Please type a command or say `\end')
*
(Please type a command or say `\end')
*
(Please type a command or say `\end')
*
(Please type a command or say `\end')
*
(Please type a command or say `\end')
*
(Please type a command or say `\end')
*
(Please type a command or say `\end')
*
(Please type a command or say `\end')
*
(Please type a command or say `\end')
*'\end'

! LaTeX Error: Missing \begin{document}.

See the LaTeX manual or LaTeX Companion for explanation.
Type  H <return>  for immediate help.
 ...                                              
                                                  
<*> '
     \end'
? H <return>
You're in trouble here.  Try typing  <return>  to proceed.
If that doesn't work, type  X <return>  to quit.
? X <return>
 
Here is how much of TeX's memory you used:
 20 strings out of 476091
 560 string characters out of 5794082
 1850330 words of memory out of 5000000
 20501 multiletter control sequences out of 15000+600000
 512287 words of font info for 32 fonts, out of 8000000 for 9000
 1141 hyphenation exceptions out of 8191
 18i,2n,12p,101b,57s stack positions out of 10000i,1000n,20000p,200000b,200000s
No pages of output.
PDF statistics:
 0 PDF objects out of 1000 (max. 8388607)
 0 named destinations out of 1000 (max. 500000)
 1 words of extra memory for PDF output out of 10000 (max. 10000000)

